# project noname (1.0) configured on Sun May 15 14:28:42 2011 by
# waf 1.5.16 (abi 7, python 20601f0 on darwin)
# using /Users/jorge/JAVASCRIPT/bin/node-waf configure
#

----------------------------------------
Setting srcdir to
/Users/jorge/JAVASCRIPT/node_sound

----------------------------------------
Setting blddir to
/Users/jorge/JAVASCRIPT/node_sound/build

----------------------------------------
Checking for program g++ or c++
  find program=['g++', 'c++'] paths=[] var='CXX'
  -> '/usr/bin/g++'

----------------------------------------
Checking for program cpp
  find program=['cpp'] paths=[] var='CPP'
  -> '/usr/bin/cpp'

----------------------------------------
Checking for program ar
  find program=['ar'] paths=[] var='AR'
  -> '/usr/bin/ar'

----------------------------------------
Checking for program ranlib
  find program=['ranlib'] paths=[] var='RANLIB'
  -> '/usr/bin/ranlib'

----------------------------------------
Checking for g++ 
ok 

----------------------------------------
Checking for node path 
ok /Users/jorge/.node_libraries

----------------------------------------
Checking for node prefix 
ok /Users/jorge/JAVASCRIPT
